# JRE version: Java(TM) SE Runtime Environment (22.0.2+9) (build 22.0.2+9-70)
# Java VM: Java HotSpot(TM) 64-Bit Server VM (22.0.2+9-70, mixed mode, sharing, tiered, compressed oops, compressed class ptrs, g1 gc, windows-amd64)
GC Precious Log:
 CardTable entry size: 512
 Card Set container configuration: InlinePtr #cards 5 size 8 Array Of Cards #cards 12 size 40 Howl #buckets 4 coarsen threshold 1843 Howl Bitmap #cards 512 size 80 coarsen threshold 460 Card regions per heap region 1 cards per card region 2048
 CPUs: 12 total, 12 available
 Memory: 7877M
 Large Page Support: Disabled
 NUMA Support: Disabled
 Compressed Oops: Enabled (32-bit)
 Heap Region Size: 1M
 Heap Min Capacity: 8M
 Heap Initial Capacity: 124M
 Heap Max Capacity: 1970M
 Pre-touch: Disabled
 Parallel Workers: 10
 Concurrent Workers: 3
 Concurrent Refinement Workers: 10
 Periodic GC: Disabled
Heap:
 garbage-first heap   total reserved 2017280K, committed 126976K, used 33927K [0x0000000084e00000, 0x0000000100000000)
  region size 1024K, 10 young (10240K), 3 survivors (3072K)
 Metaspace       used 15297K, committed 15552K, reserved 1114112K
  class space    used 1628K, committed 1728K, reserved 1048576K
GC Heap History (20 events):
Event: 37.260 GC heap before
{Heap before GC invocations=4 (full 0):
 garbage-first heap   total reserved 2017280K, committed 126976K, used 100977K [0x0000000084e00000, 0x0000000100000000)
  region size 1024K, 74 young (75776K), 3 survivors (3072K)
 Metaspace       used 15294K, committed 15552K, reserved 1114112K
  class space    used 1628K, committed 1728K, reserved 1048576K
}
Event: 37.262 GC heap after
{Heap after GC invocations=5 (full 0):
 garbage-first heap   total reserved 2017280K, committed 126976K, used 27894K [0x0000000084e00000, 0x0000000100000000)
  region size 1024K, 3 young (3072K), 3 survivors (3072K)
 Metaspace       used 15294K, committed 15552K, reserved 1114112K
  class space    used 1628K, committed 1728K, reserved 1048576K
}
Event: 49.712 GC heap before
{Heap before GC invocations=5 (full 0):
 garbage-first heap   total reserved 2017280K, committed 126976K, used 100598K [0x0000000084e00000, 0x0000000100000000)
  region size 1024K, 74 young (75776K), 3 survivors (3072K)
 Metaspace       used 15294K, committed 15552K, reserved 1114112K
  class space    used 1628K, committed 1728K, reserved 1048576K
}
Event: 49.714 GC heap after
{Heap after GC invocations=6 (full 0):
 garbage-first heap   total reserved 2017280K, committed 126976K, used 27864K [0x0000000084e00000, 0x0000000100000000)
  region size 1024K, 3 young (3072K), 3 survivors (3072K)
 Metaspace       used 15294K, committed 15552K, reserved 1114112K
  class space    used 1628K, committed 1728K, reserved 1048576K
}
Event: 62.368 GC heap before
{Heap before GC invocations=6 (full 0):
 garbage-first heap   total reserved 2017280K, committed 126976K, used 100568K [0x0000000084e00000, 0x0000000100000000)
  region size 1024K, 74 young (75776K), 3 survivors (3072K)
 Metaspace       used 15294K, committed 15552K, reserved 1114112K
  class space    used 1628K, committed 1728K, reserved 1048576K
}
Event: 62.370 GC heap after
{Heap after GC invocations=7 (full 0):
 garbage-first heap   total reserved 2017280K, committed 126976K, used 27868K [0x0000000084e00000, 0x0000000100000000)
  region size 1024K, 3 young (3072K), 3 survivors (3072K)
 Metaspace       used 15294K, committed 15552K, reserved 1114112K
  class space    used 1628K, committed 1728K, reserved 1048576K
}
Event: 74.958 GC heap before
{Heap before GC invocations=7 (full 0):
 garbage-first heap   total reserved 2017280K, committed 126976K, used 100572K [0x0000000084e00000, 0x0000000100000000)
  region size 1024K, 74 young (75776K), 3 survivors (3072K)
 Metaspace       used 15294K, committed 15552K, reserved 1114112K
  class space    used 1628K, committed 1728K, reserved 1048576K
}
Event: 74.961 GC heap after
{Heap after GC invocations=8 (full 0):
 garbage-first heap   total reserved 2017280K, committed 126976K, used 27920K [0x0000000084e00000, 0x0000000100000000)
  region size 1024K, 3 young (3072K), 3 survivors (3072K)
 Metaspace       used 15294K, committed 15552K, reserved 1114112K
  class space    used 1628K, committed 1728K, reserved 1048576K
}
Event: 87.482 GC heap before
{Heap before GC invocations=8 (full 0):
 garbage-first heap   total reserved 2017280K, committed 126976K, used 100624K [0x0000000084e00000, 0x0000000100000000)
  region size 1024K, 74 young (75776K), 3 survivors (3072K)
 Metaspace       used 15294K, committed 15552K, reserved 1114112K
  class space    used 1628K, committed 1728K, reserved 1048576K
}
Event: 87.484 GC heap after
{Heap after GC invocations=9 (full 0):
 garbage-first heap   total reserved 2017280K, committed 126976K, used 28012K [0x0000000084e00000, 0x0000000100000000)
  region size 1024K, 3 young (3072K), 3 survivors (3072K)
 Metaspace       used 15294K, committed 15552K, reserved 1114112K
  class space    used 1628K, committed 1728K, reserved 1048576K
}
Event: 100.054 GC heap before
{Heap before GC invocations=9 (full 0):
 garbage-first heap   total reserved 2017280K, committed 126976K, used 100716K [0x0000000084e00000, 0x0000000100000000)
  region size 1024K, 74 young (75776K), 3 survivors (3072K)
 Metaspace       used 15294K, committed 15552K, reserved 1114112K
  class space    used 1628K, committed 1728K, reserved 1048576K
}
Event: 100.057 GC heap after
{Heap after GC invocations=10 (full 0):
 garbage-first heap   total reserved 2017280K, committed 126976K, used 27856K [0x0000000084e00000, 0x0000000100000000)
  region size 1024K, 3 young (3072K), 3 survivors (3072K)
 Metaspace       used 15294K, committed 15552K, reserved 1114112K
  class space    used 1628K, committed 1728K, reserved 1048576K
}
Event: 112.667 GC heap before
{Heap before GC invocations=10 (full 0):
 garbage-first heap   total reserved 2017280K, committed 126976K, used 100560K [0x0000000084e00000, 0x0000000100000000)
  region size 1024K, 74 young (75776K), 3 survivors (3072K)
 Metaspace       used 15294K, committed 15552K, reserved 1114112K
  class space    used 1628K, committed 1728K, reserved 1048576K
}
Event: 112.671 GC heap after
{Heap after GC invocations=11 (full 0):
 garbage-first heap   total reserved 2017280K, committed 126976K, used 28196K [0x0000000084e00000, 0x0000000100000000)
  region size 1024K, 3 young (3072K), 3 survivors (3072K)
 Metaspace       used 15294K, committed 15552K, reserved 1114112K
  class space    used 1628K, committed 1728K, reserved 1048576K
}
Event: 125.397 GC heap before
{Heap before GC invocations=11 (full 0):
 garbage-first heap   total reserved 2017280K, committed 126976K, used 100900K [0x0000000084e00000, 0x0000000100000000)
  region size 1024K, 74 young (75776K), 3 survivors (3072K)
 Metaspace       used 15297K, committed 15552K, reserved 1114112K
  class space    used 1628K, committed 1728K, reserved 1048576K
}
Event: 125.405 GC heap after
{Heap after GC invocations=12 (full 0):
 garbage-first heap   total reserved 2017280K, committed 126976K, used 27869K [0x0000000084e00000, 0x0000000100000000)
  region size 1024K, 3 young (3072K), 3 survivors (3072K)
 Metaspace       used 15297K, committed 15552K, reserved 1114112K
  class space    used 1628K, committed 1728K, reserved 1048576K
}
Event: 137.983 GC heap before
{Heap before GC invocations=12 (full 0):
 garbage-first heap   total reserved 2017280K, committed 126976K, used 100573K [0x0000000084e00000, 0x0000000100000000)
  region size 1024K, 74 young (75776K), 3 survivors (3072K)
 Metaspace       used 15297K, committed 15552K, reserved 1114112K
  class space    used 1628K, committed 1728K, reserved 1048576K
}
Event: 137.987 GC heap after
{Heap after GC invocations=13 (full 0):
 garbage-first heap   total reserved 2017280K, committed 126976K, used 27814K [0x0000000084e00000, 0x0000000100000000)
  region size 1024K, 3 young (3072K), 3 survivors (3072K)
 Metaspace       used 15297K, committed 15552K, reserved 1114112K
  class space    used 1628K, committed 1728K, reserved 1048576K
}
Event: 150.564 GC heap before
{Heap before GC invocations=13 (full 0):
 garbage-first heap   total reserved 2017280K, committed 126976K, used 100518K [0x0000000084e00000, 0x0000000100000000)
  region size 1024K, 74 young (75776K), 3 survivors (3072K)
 Metaspace       used 15297K, committed 15552K, reserved 1114112K
  class space    used 1628K, committed 1728K, reserved 1048576K
}
Event: 150.567 GC heap after
{Heap after GC invocations=14 (full 0):
 garbage-first heap   total reserved 2017280K, committed 126976K, used 27783K [0x0000000084e00000, 0x0000000100000000)
  region size 1024K, 3 young (3072K), 3 survivors (3072K)
 Metaspace       used 15297K, committed 15552K, reserved 1114112K
  class space    used 1628K, committed 1728K, reserved 1048576K
}

